<?xml version="1.0" encoding="UTF-8"?>
<robot generator="Robot 7.4.2 (Python 3.13.13 on darwin)" generated="2026-05-19T23:31:14.099270" rpa="false" schemaversion="5">
<suite id="s1" name="KAN-7 android" source="/Users/vinhnt0111/Desktop/MCP/robot_tests/suites/generated/KAN-7_android.robot">
<kw name="Suite Setup For KAN-7" type="SETUP">
<kw name="Log" owner="BuiltIn">
<arg>===== START: KAN-7 on ${PLATFORM} =====</arg>
<arg>console=True</arg>
<doc>Logs the given message with the given level.</doc>
<status status="NOT RUN" start="2026-05-19T23:31:14.364923" elapsed="0.000134"/>
</kw>
<kw name="Open App On Platform" owner="appium_base">
<kw name="Run Keyword If" owner="BuiltIn">
<kw name="Open Android App" owner="appium_base">
<kw name="Open Application" owner="AppiumLibrary">
<arg>${APPIUM_URL}</arg>
<arg>platformName=${ANDROID_PLATFORM_NAME}</arg>
<arg>automationName=${ANDROID_AUTOMATION}</arg>
<arg>deviceName=${ANDROID_DEVICE_NAME}</arg>
<arg>appPackage=${ANDROID_APP_PACKAGE}</arg>
<arg>appActivity=${ANDROID_APP_ACTIVITY}</arg>
<arg>noReset=${ANDROID_NO_RESET}</arg>
<arg>autoGrantPermissions=${TRUE}</arg>
<arg>newCommandTimeout=300</arg>
<doc>Opens a new application to the given Appium server.
Capabilities of appium server, Android and iOS,
Please check https://appium.io/docs/en/2.19/guides/caps/
| *Option*            | *Man.* | *Description*     |
| remote_url          | Yes    | Appium server url |
| alias               | No     | alias             |</doc>
<status status="NOT RUN" start="2026-05-19T23:31:14.365472" elapsed="0.000095"/>
</kw>
<doc>Khởi động app Android với UiAutomator2</doc>
<status status="PASS" start="2026-05-19T23:31:14.365418" elapsed="0.000185"/>
</kw>
<kw name="Open iOS App" owner="appium_base">
<kw name="Open Application" owner="AppiumLibrary">
<arg>${APPIUM_URL}</arg>
<arg>platformName=${IOS_PLATFORM_NAME}</arg>
<arg>automationName=${IOS_AUTOMATION}</arg>
<arg>udid=${IOS_UDID}</arg>
<arg>bundleId=${IOS_BUNDLE_ID}</arg>
<arg>noReset=${IOS_NO_RESET}</arg>
<arg>newCommandTimeout=300</arg>
<arg>wdaLaunchTimeout=120000</arg>
<doc>Opens a new application to the given Appium server.
Capabilities of appium server, Android and iOS,
Please check https://appium.io/docs/en/2.19/guides/caps/
| *Option*            | *Man.* | *Description*     |
| remote_url          | Yes    | Appium server url |
| alias               | No     | alias             |</doc>
<status status="NOT RUN" start="2026-05-19T23:31:14.365704" elapsed="0.000063"/>
</kw>
<doc>Khởi động app iOS với XCUITest</doc>
<status status="PASS" start="2026-05-19T23:31:14.365654" elapsed="0.000137"/>
</kw>
<kw name="Fail" owner="BuiltIn">
<arg>Unsupported platform: ${platform}</arg>
<doc>Fails the test with the given message and optionally alters its tags.</doc>
<status status="NOT RUN" start="2026-05-19T23:31:14.365831" elapsed="0.000055"/>
</kw>
<arg>'${platform}' == 'android'</arg>
<arg>Open Android App</arg>
<arg>ELSE IF</arg>
<arg>'${platform}' == 'ios'</arg>
<arg>Open iOS App</arg>
<arg>ELSE</arg>
<arg>Fail</arg>
<arg>Unsupported platform: ${platform}</arg>
<doc>Runs the given keyword with the given arguments, if ``condition`` is true.</doc>
<status status="PASS" start="2026-05-19T23:31:14.365232" elapsed="0.000667"/>
</kw>
<kw name="Log" owner="BuiltIn">
<arg>✅ App opened on ${platform}</arg>
<arg>console=True</arg>
<doc>Logs the given message with the given level.</doc>
<status status="NOT RUN" start="2026-05-19T23:31:14.365942" elapsed="0.000067"/>
</kw>
<arg>${PLATFORM}</arg>
<doc>Mở app tương ứng với platform (android/ios)</doc>
<status status="PASS" start="2026-05-19T23:31:14.365150" elapsed="0.000876"/>
</kw>
<doc>Khởi động app và thực hiện preconditions</doc>
<status status="PASS" start="2026-05-19T23:31:14.364484" elapsed="0.001554"/>
</kw>
<test id="s1-t1" name="TC_001 Feature Works As Described In Kan7" line="23">
<kw name="Log" owner="BuiltIn">
<arg>Running: TC_001 - Feature Works As Described In Kan7</arg>
<arg>console=True</arg>
<doc>Logs the given message with the given level.</doc>
<status status="NOT RUN" start="2026-05-19T23:31:14.366263" elapsed="0.000072"/>
</kw>
<kw name="Execute Step: Verify feature works as described in ticket">
<kw name="Log" owner="BuiltIn">
<arg>STEP: Verify feature works as described in ticket</arg>
<arg>console=True</arg>
<doc>Logs the given message with the given level.</doc>
<status status="NOT RUN" start="2026-05-19T23:31:14.366477" elapsed="0.000065"/>
</kw>
<doc>Step: Verify feature works as described in ticket</doc>
<status status="PASS" start="2026-05-19T23:31:14.366408" elapsed="0.000151"/>
</kw>
<kw name="Verify: Feature works as described in KAN-7">
<kw name="App Should Not Have Crashed" owner="assertions">
<kw name="Get Source" owner="AppiumLibrary">
<var>${source}</var>
<doc>Returns the entire source of the current page.</doc>
<status status="NOT RUN" start="2026-05-19T23:31:14.366765" elapsed="0.000014"/>
</kw>
<kw name="Create List" owner="BuiltIn">
<var>${crash_strings}</var>
<arg>Unfortunately</arg>
<arg>has stopped</arg>
<arg>keeps stopping</arg>
<arg>Force Close</arg>
<arg>ANR</arg>
<arg>Application Error</arg>
<doc>Returns a list containing given items.</doc>
<status status="NOT RUN" start="2026-05-19T23:31:14.366815" elapsed="0.000066"/>
</kw>
<for flavor="IN">
<iter>
<kw name="Run Keyword And Continue On Failure" owner="BuiltIn">
<kw name="Should Not Contain" owner="BuiltIn">
<arg>${source}</arg>
<arg>${crash_str}</arg>
<arg>msg=⚠️ Crash detected: '${crash_str}' found in page source</arg>
<doc>Fails if ``container`` contains ``item`` one or more times.</doc>
<status status="NOT RUN" start="2026-05-19T23:31:14.367089" elapsed="0.000060"/>
</kw>
<arg>Should Not Contain</arg>
<arg>${source}</arg>
<arg>${crash_str}</arg>
<arg>msg=⚠️ Crash detected: '${crash_str}' found in page source</arg>
<doc>Runs the keyword and continues execution even if a failure occurs.</doc>
<status status="PASS" start="2026-05-19T23:31:14.366992" elapsed="0.000172"/>
</kw>
<var name="${crash_str}"/>
<status status="PASS" start="2026-05-19T23:31:14.366954" elapsed="0.000221"/>
</iter>
<var>${crash_str}</var>
<value>@{crash_strings}</value>
<status status="PASS" start="2026-05-19T23:31:14.366916" elapsed="0.000271"/>
</for>
<kw name="Log" owner="BuiltIn">
<arg>✅ App is healthy – no crash detected</arg>
<doc>Logs the given message with the given level.</doc>
<status status="NOT RUN" start="2026-05-19T23:31:14.367225" elapsed="0.000048"/>
</kw>
<doc>Verify app không bị crash (không hiện dialog lỗi)</doc>
<status status="PASS" start="2026-05-19T23:31:14.366704" elapsed="0.000583"/>
</kw>
<doc>Verify: Feature works as described in KAN-7</doc>
<status status="PASS" start="2026-05-19T23:31:14.366612" elapsed="0.000685"/>
</kw>
<kw name="Capture Screenshot On Failure" owner="appium_base" type="TEARDOWN">
<kw name="Run Keyword If Test Failed" owner="BuiltIn">
<kw name="Capture Page Screenshot" owner="AppiumLibrary">
<doc>Takes a screenshot of the current page and embeds it into the log.</doc>
<status status="NOT RUN" start="2026-05-19T23:31:14.367551" elapsed="0.000016"/>
</kw>
<arg>Capture Page Screenshot</arg>
<doc>Runs the given keyword with the given arguments, if the test failed.</doc>
<status status="PASS" start="2026-05-19T23:31:14.367465" elapsed="0.000113"/>
</kw>
<doc>Chụp screenshot khi test case FAIL (dùng cho Test Teardown)</doc>
<status status="PASS" start="2026-05-19T23:31:14.367389" elapsed="0.000202"/>
</kw>
<doc>Expected: Feature works as described in KAN-7</doc>
<tag>android</tag>
<tag>functional</tag>
<tag>KAN-7</tag>
<tag>P2</tag>
<status status="PASS" start="2026-05-19T23:31:14.366069" elapsed="0.001546"/>
</test>
<kw name="Suite Teardown For KAN-7" type="TEARDOWN">
<kw name="Log" owner="BuiltIn">
<arg>===== END: KAN-7 =====</arg>
<arg>console=True</arg>
<doc>Logs the given message with the given level.</doc>
<status status="NOT RUN" start="2026-05-19T23:31:14.367870" elapsed="0.000070"/>
</kw>
<kw name="Close App On Platform" owner="appium_base">
<kw name="Run Keyword And Ignore Error" owner="BuiltIn">
<kw name="Close Application" owner="AppiumLibrary">
<doc>Closes the current application and the webdriver session.</doc>
<status status="NOT RUN" start="2026-05-19T23:31:14.368122" elapsed="0.000013"/>
</kw>
<arg>Close Application</arg>
<doc>Runs the given keyword with the given arguments and ignores possible error.</doc>
<status status="PASS" start="2026-05-19T23:31:14.368042" elapsed="0.000307"/>
</kw>
<kw name="Log" owner="BuiltIn">
<arg>App session closed</arg>
<arg>console=True</arg>
<doc>Logs the given message with the given level.</doc>
<status status="NOT RUN" start="2026-05-19T23:31:14.368383" elapsed="0.000059"/>
</kw>
<doc>Đóng Appium session</doc>
<status status="PASS" start="2026-05-19T23:31:14.367990" elapsed="0.000468"/>
</kw>
<doc>Dọn dẹp sau khi chạy xong</doc>
<status status="PASS" start="2026-05-19T23:31:14.367819" elapsed="0.000649"/>
</kw>
<doc>Auto-generated suite for KAN-7: [TEST] MCP Router Test - 20260518_231634
Generated: 2026-05-19 23:30
Platform : android</doc>
<status status="PASS" start="2026-05-19T23:31:14.100078" elapsed="0.268398"/>
</suite>
<statistics>
<total>
<stat pass="1" fail="0" skip="0">All Tests</stat>
</total>
<tag>
<stat pass="1" fail="0" skip="0">android</stat>
<stat pass="1" fail="0" skip="0">functional</stat>
<stat pass="1" fail="0" skip="0">KAN-7</stat>
<stat pass="1" fail="0" skip="0">P2</stat>
</tag>
<suite>
<stat name="KAN-7 android" id="s1" pass="1" fail="0" skip="0">KAN-7 android</stat>
</suite>
</statistics>
<errors>
</errors>
</robot>
